# JRE version: OpenJDK Runtime Environment (8.0_372-b07) (build 1.8.0_372-b07)
# Java VM: OpenJDK 64-Bit Server VM (25.372-b07 mixed mode windows-amd64 compressed oops)
Heap:
 PSYoungGen      total 138240K, used 27797K [0x000000076c500000, 0x0000000777900000, 0x00000007c0000000)
  eden space 126464K, 21% used [0x000000076c500000,0x000000076e0255f8,0x0000000774080000)
  from space 11776K, 0% used [0x0000000776d80000,0x0000000776d80000,0x0000000777900000)
  to   space 10752K, 0% used [0x0000000774080000,0x0000000774080000,0x0000000774b00000)
 ParOldGen       total 94208K, used 11837K [0x00000006c4e00000, 0x00000006caa00000, 0x000000076c500000)
  object space 94208K, 12% used [0x00000006c4e00000,0x00000006c598f410,0x00000006caa00000)
 Metaspace       used 35507K, capacity 37710K, committed 37888K, reserved 1083392K
  class space    used 4475K, capacity 4859K, committed 4864K, reserved 1048576K
GC Heap History (10 events):
Event: 0.783 GC heap before
{Heap before GC invocations=4 (full 1):
 PSYoungGen      total 75264K, used 5981K [0x000000076c500000, 0x0000000775800000, 0x00000007c0000000)
  eden space 64512K, 0% used [0x000000076c500000,0x000000076c500000,0x0000000770400000)
  from space 10752K, 55% used [0x0000000770400000,0x00000007709d76f8,0x0000000770e80000)
  to   space 10752K, 0% used [0x0000000774d80000,0x0000000774d80000,0x0000000775800000)
 ParOldGen       total 172032K, used 642K [0x00000006c4e00000, 0x00000006cf600000, 0x000000076c500000)
  object space 172032K, 0% used [0x00000006c4e00000,0x00000006c4ea0ae8,0x00000006cf600000)
 Metaspace       used 20315K, capacity 21136K, committed 21296K, reserved 1069056K
  class space    used 2507K, capacity 2696K, committed 2816K, reserved 1048576K
Event: 0.798 GC heap after
Heap after GC invocations=4 (full 1):
 PSYoungGen      total 75264K, used 0K [0x000000076c500000, 0x0000000775800000, 0x00000007c0000000)
  eden space 64512K, 0% used [0x000000076c500000,0x000000076c500000,0x0000000770400000)
  from space 10752K, 0% used [0x0000000770400000,0x0000000770400000,0x0000000770e80000)
  to   space 10752K, 0% used [0x0000000774d80000,0x0000000774d80000,0x0000000775800000)
 ParOldGen       total 94208K, used 5724K [0x00000006c4e00000, 0x00000006caa00000, 0x000000076c500000)
  object space 94208K, 6% used [0x00000006c4e00000,0x00000006c5397340,0x00000006caa00000)
 Metaspace       used 20315K, capacity 21136K, committed 21296K, reserved 1069056K
  class space    used 2507K, capacity 2696K, committed 2816K, reserved 1048576K
}
Event: 1.322 GC heap before
{Heap before GC invocations=5 (full 1):
 PSYoungGen      total 75264K, used 64512K [0x000000076c500000, 0x0000000775800000, 0x00000007c0000000)
  eden space 64512K, 100% used [0x000000076c500000,0x0000000770400000,0x0000000770400000)
  from space 10752K, 0% used [0x0000000770400000,0x0000000770400000,0x0000000770e80000)
  to   space 10752K, 0% used [0x0000000774d80000,0x0000000774d80000,0x0000000775800000)
 ParOldGen       total 94208K, used 5724K [0x00000006c4e00000, 0x00000006caa00000, 0x000000076c500000)
  object space 94208K, 6% used [0x00000006c4e00000,0x00000006c5397340,0x00000006caa00000)
 Metaspace       used 26428K, capacity 27962K, committed 28288K, reserved 1073152K
  class space    used 3326K, capacity 3613K, committed 3712K, reserved 1048576K
Event: 1.327 GC heap after
Heap after GC invocations=5 (full 1):
 PSYoungGen      total 111616K, used 7868K [0x000000076c500000, 0x0000000775580000, 0x00000007c0000000)
  eden space 103424K, 0% used [0x000000076c500000,0x000000076c500000,0x0000000772a00000)
  from space 8192K, 96% used [0x0000000774d80000,0x000000077552f138,0x0000000775580000)
  to   space 10752K, 0% used [0x0000000774080000,0x0000000774080000,0x0000000774b00000)
 ParOldGen       total 94208K, used 5732K [0x00000006c4e00000, 0x00000006caa00000, 0x000000076c500000)
  object space 94208K, 6% used [0x00000006c4e00000,0x00000006c5399340,0x00000006caa00000)
 Metaspace       used 26428K, capacity 27962K, committed 28288K, reserved 1073152K
  class space    used 3326K, capacity 3613K, committed 3712K, reserved 1048576K
}
Event: 1.777 GC heap before
{Heap before GC invocations=6 (full 1):
 PSYoungGen      total 111616K, used 111292K [0x000000076c500000, 0x0000000775580000, 0x00000007c0000000)
  eden space 103424K, 100% used [0x000000076c500000,0x0000000772a00000,0x0000000772a00000)
  from space 8192K, 96% used [0x0000000774d80000,0x000000077552f138,0x0000000775580000)
  to   space 10752K, 0% used [0x0000000774080000,0x0000000774080000,0x0000000774b00000)
 ParOldGen       total 94208K, used 5732K [0x00000006c4e00000, 0x00000006caa00000, 0x000000076c500000)
  object space 94208K, 6% used [0x00000006c4e00000,0x00000006c5399340,0x00000006caa00000)
 Metaspace       used 32835K, capacity 34618K, committed 34688K, reserved 1079296K
  class space    used 4105K, capacity 4421K, committed 4480K, reserved 1048576K
Event: 1.781 GC heap after
Heap after GC invocations=6 (full 1):
 PSYoungGen      total 137216K, used 8688K [0x000000076c500000, 0x0000000777900000, 0x00000007c0000000)
  eden space 126464K, 0% used [0x000000076c500000,0x000000076c500000,0x0000000774080000)
  from space 10752K, 80% used [0x0000000774080000,0x00000007748fc180,0x0000000774b00000)
  to   space 11776K, 0% used [0x0000000776d80000,0x0000000776d80000,0x0000000777900000)
 ParOldGen       total 94208K, used 5740K [0x00000006c4e00000, 0x00000006caa00000, 0x000000076c500000)
  object space 94208K, 6% used [0x00000006c4e00000,0x00000006c539b340,0x00000006caa00000)
 Metaspace       used 32835K, capacity 34618K, committed 34688K, reserved 1079296K
  class space    used 4105K, capacity 4421K, committed 4480K, reserved 1048576K
}
Event: 2.082 GC heap before
{Heap before GC invocations=7 (full 1):
 PSYoungGen      total 137216K, used 26660K [0x000000076c500000, 0x0000000777900000, 0x00000007c0000000)
  eden space 126464K, 14% used [0x000000076c500000,0x000000076d68d178,0x0000000774080000)
  from space 10752K, 80% used [0x0000000774080000,0x00000007748fc180,0x0000000774b00000)
  to   space 11776K, 0% used [0x0000000776d80000,0x0000000776d80000,0x0000000777900000)
 ParOldGen       total 94208K, used 5740K [0x00000006c4e00000, 0x00000006caa00000, 0x000000076c500000)
  object space 94208K, 6% used [0x00000006c4e00000,0x00000006c539b340,0x00000006caa00000)
 Metaspace       used 33528K, capacity 35350K, committed 35496K, reserved 1081344K
  class space    used 4190K, capacity 4541K, committed 4608K, reserved 1048576K
Event: 2.085 GC heap after
Heap after GC invocations=7 (full 1):
 PSYoungGen      total 138240K, used 7017K [0x000000076c500000, 0x0000000777900000, 0x00000007c0000000)
  eden space 126464K, 0% used [0x000000076c500000,0x000000076c500000,0x0000000774080000)
  from space 11776K, 59% used [0x0000000776d80000,0x000000077745a7a0,0x0000000777900000)
  to   space 10752K, 0% used [0x0000000774080000,0x0000000774080000,0x0000000774b00000)
 ParOldGen       total 94208K, used 5812K [0x00000006c4e00000, 0x00000006caa00000, 0x000000076c500000)
  object space 94208K, 6% used [0x00000006c4e00000,0x00000006c53ad350,0x00000006caa00000)
 Metaspace       used 33528K, capacity 35350K, committed 35496K, reserved 1081344K
  class space    used 4190K, capacity 4541K, committed 4608K, reserved 1048576K
}
Event: 2.085 GC heap before
{Heap before GC invocations=8 (full 2):
 PSYoungGen      total 138240K, used 7017K [0x000000076c500000, 0x0000000777900000, 0x00000007c0000000)
  eden space 126464K, 0% used [0x000000076c500000,0x000000076c500000,0x0000000774080000)
  from space 11776K, 59% used [0x0000000776d80000,0x000000077745a7a0,0x0000000777900000)
  to   space 10752K, 0% used [0x0000000774080000,0x0000000774080000,0x0000000774b00000)
 ParOldGen       total 94208K, used 5812K [0x00000006c4e00000, 0x00000006caa00000, 0x000000076c500000)
  object space 94208K, 6% used [0x00000006c4e00000,0x00000006c53ad350,0x00000006caa00000)
 Metaspace       used 33528K, capacity 35350K, committed 35496K, reserved 1081344K
  class space    used 4190K, capacity 4541K, committed 4608K, reserved 1048576K
Event: 2.127 GC heap after
Heap after GC invocations=8 (full 2):
 PSYoungGen      total 138240K, used 0K [0x000000076c500000, 0x0000000777900000, 0x00000007c0000000)
  eden space 126464K, 0% used [0x000000076c500000,0x000000076c500000,0x0000000774080000)
  from space 11776K, 0% used [0x0000000776d80000,0x0000000776d80000,0x0000000777900000)
  to   space 10752K, 0% used [0x0000000774080000,0x0000000774080000,0x0000000774b00000)
 ParOldGen       total 94208K, used 11837K [0x00000006c4e00000, 0x00000006caa00000, 0x000000076c500000)
  object space 94208K, 12% used [0x00000006c4e00000,0x00000006c598f410,0x00000006caa00000)
 Metaspace       used 33528K, capacity 35350K, committed 35496K, reserved 1081344K
  class space    used 4190K, capacity 4541K, committed 4608K, reserved 1048576K
}

